# JRE version: Java(TM) SE Runtime Environment (8.0_151-b12) (build 1.8.0_151-b12)
# Java VM: Java HotSpot(TM) 64-Bit Server VM (25.151-b12 mixed mode windows-amd64 compressed oops)
Heap:
 PSYoungGen      total 307712K, used 163634K [0x00000000d5c00000, 0x00000000f0180000, 0x0000000100000000)
  eden space 296960K, 55% used [0x00000000d5c00000,0x00000000dfbcca98,0x00000000e7e00000)
  from space 10752K, 0% used [0x00000000e7e00000,0x00000000e7e00000,0x00000000e8880000)
  to   space 10752K, 0% used [0x00000000ef700000,0x00000000ef700000,0x00000000f0180000)
 ParOldGen       total 1009152K, used 1002910K [0x0000000081400000, 0x00000000bed80000, 0x00000000d5c00000)
  object space 1009152K, 99% used [0x0000000081400000,0x00000000be767998,0x00000000bed80000)
 Metaspace       used 12385K, capacity 12598K, committed 12928K, reserved 1060864K
  class space    used 1477K, capacity 1553K, committed 1664K, reserved 1048576K
GC Heap History (10 events):
Event: 12.669 GC heap before
{Heap before GC invocations=22 (full 9):
 PSYoungGen      total 305664K, used 292751K [0x00000000d5c00000, 0x00000000e9300000, 0x0000000100000000)
  eden space 296960K, 98% used [0x00000000d5c00000,0x00000000e79e3f40,0x00000000e7e00000)
  from space 8704K, 0% used [0x00000000e8a80000,0x00000000e8a80000,0x00000000e9300000)
  to   space 10752K, 0% used [0x00000000e7e00000,0x00000000e7e00000,0x00000000e8880000)
 ParOldGen       total 1009152K, used 657973K [0x0000000081400000, 0x00000000bed80000, 0x00000000d5c00000)
  object space 1009152K, 65% used [0x0000000081400000,0x00000000a968d7a8,0x00000000bed80000)
 Metaspace       used 11437K, capacity 11662K, committed 11776K, reserved 1058816K
  class space    used 1447K, capacity 1521K, committed 1536K, reserved 1048576K
Event: 12.713 GC heap after
Heap after GC invocations=22 (full 9):
 PSYoungGen      total 307712K, used 7187K [0x00000000d5c00000, 0x00000000f0180000, 0x0000000100000000)
  eden space 296960K, 0% used [0x00000000d5c00000,0x00000000d5c00000,0x00000000e7e00000)
  from space 10752K, 66% used [0x00000000e7e00000,0x00000000e8504c78,0x00000000e8880000)
  to   space 10752K, 0% used [0x00000000ef700000,0x00000000ef700000,0x00000000f0180000)
 ParOldGen       total 1009152K, used 854425K [0x0000000081400000, 0x00000000bed80000, 0x00000000d5c00000)
  object space 1009152K, 84% used [0x0000000081400000,0x00000000b5666620,0x00000000bed80000)
 Metaspace       used 11437K, capacity 11662K, committed 11776K, reserved 1058816K
  class space    used 1447K, capacity 1521K, committed 1536K, reserved 1048576K
}
Event: 12.713 GC heap before
{Heap before GC invocations=23 (full 10):
 PSYoungGen      total 307712K, used 7187K [0x00000000d5c00000, 0x00000000f0180000, 0x0000000100000000)
  eden space 296960K, 0% used [0x00000000d5c00000,0x00000000d5c00000,0x00000000e7e00000)
  from space 10752K, 66% used [0x00000000e7e00000,0x00000000e8504c78,0x00000000e8880000)
  to   space 10752K, 0% used [0x00000000ef700000,0x00000000ef700000,0x00000000f0180000)
 ParOldGen       total 1009152K, used 854425K [0x0000000081400000, 0x00000000bed80000, 0x00000000d5c00000)
  object space 1009152K, 84% used [0x0000000081400000,0x00000000b5666620,0x00000000bed80000)
 Metaspace       used 11437K, capacity 11662K, committed 11776K, reserved 1058816K
  class space    used 1447K, capacity 1521K, committed 1536K, reserved 1048576K
Event: 12.738 GC heap after
Heap after GC invocations=23 (full 10):
 PSYoungGen      total 307712K, used 0K [0x00000000d5c00000, 0x00000000f0180000, 0x0000000100000000)
  eden space 296960K, 0% used [0x00000000d5c00000,0x00000000d5c00000,0x00000000e7e00000)
  from space 10752K, 0% used [0x00000000e7e00000,0x00000000e7e00000,0x00000000e8880000)
  to   space 10752K, 0% used [0x00000000ef700000,0x00000000ef700000,0x00000000f0180000)
 ParOldGen       total 1009152K, used 800451K [0x0000000081400000, 0x00000000bed80000, 0x00000000d5c00000)
  object space 1009152K, 79% used [0x0000000081400000,0x00000000b21b0ed8,0x00000000bed80000)
 Metaspace       used 11437K, capacity 11662K, committed 11776K, reserved 1058816K
  class space    used 1447K, capacity 1521K, committed 1536K, reserved 1048576K
}
Event: 13.439 GC heap before
{Heap before GC invocations=24 (full 11):
 PSYoungGen      total 307712K, used 292661K [0x00000000d5c00000, 0x00000000f0180000, 0x0000000100000000)
  eden space 296960K, 98% used [0x00000000d5c00000,0x00000000e79cd7f8,0x00000000e7e00000)
  from space 10752K, 0% used [0x00000000e7e00000,0x00000000e7e00000,0x00000000e8880000)
  to   space 10752K, 0% used [0x00000000ef700000,0x00000000ef700000,0x00000000f0180000)
 ParOldGen       total 1009152K, used 800451K [0x0000000081400000, 0x00000000bed80000, 0x00000000d5c00000)
  object space 1009152K, 79% used [0x0000000081400000,0x00000000b21b0ed8,0x00000000bed80000)
 Metaspace       used 11447K, capacity 11662K, committed 11776K, reserved 1058816K
  class space    used 1447K, capacity 1521K, committed 1536K, reserved 1048576K
Event: 13.617 GC heap after
Heap after GC invocations=24 (full 11):
 PSYoungGen      total 307712K, used 0K [0x00000000d5c00000, 0x00000000f0180000, 0x0000000100000000)
  eden space 296960K, 0% used [0x00000000d5c00000,0x00000000d5c00000,0x00000000e7e00000)
  from space 10752K, 0% used [0x00000000e7e00000,0x00000000e7e00000,0x00000000e8880000)
  to   space 10752K, 0% used [0x00000000ef700000,0x00000000ef700000,0x00000000f0180000)
 ParOldGen       total 1009152K, used 942021K [0x0000000081400000, 0x00000000bed80000, 0x00000000d5c00000)
  object space 1009152K, 93% used [0x0000000081400000,0x00000000babf1610,0x00000000bed80000)
 Metaspace       used 11447K, capacity 11662K, committed 11776K, reserved 1058816K
  class space    used 1447K, capacity 1521K, committed 1536K, reserved 1048576K
}
Event: 17.124 GC heap before
{Heap before GC invocations=25 (full 12):
 PSYoungGen      total 307712K, used 296960K [0x00000000d5c00000, 0x00000000f0180000, 0x0000000100000000)
  eden space 296960K, 100% used [0x00000000d5c00000,0x00000000e7e00000,0x00000000e7e00000)
  from space 10752K, 0% used [0x00000000e7e00000,0x00000000e7e00000,0x00000000e8880000)
  to   space 10752K, 0% used [0x00000000ef700000,0x00000000ef700000,0x00000000f0180000)
 ParOldGen       total 1009152K, used 942021K [0x0000000081400000, 0x00000000bed80000, 0x00000000d5c00000)
  object space 1009152K, 93% used [0x0000000081400000,0x00000000babf1610,0x00000000bed80000)
 Metaspace       used 11962K, capacity 12142K, committed 12416K, reserved 1060864K
  class space    used 1473K, capacity 1553K, committed 1664K, reserved 1048576K
Event: 17.361 GC heap after
Heap after GC invocations=25 (full 12):
 PSYoungGen      total 307712K, used 76238K [0x00000000d5c00000, 0x00000000f0180000, 0x0000000100000000)
  eden space 296960K, 25% used [0x00000000d5c00000,0x00000000da673800,0x00000000e7e00000)
  from space 10752K, 0% used [0x00000000e7e00000,0x00000000e7e00000,0x00000000e8880000)
  to   space 10752K, 0% used [0x00000000ef700000,0x00000000ef700000,0x00000000f0180000)
 ParOldGen       total 1009152K, used 1002926K [0x0000000081400000, 0x00000000bed80000, 0x00000000d5c00000)
  object space 1009152K, 99% used [0x0000000081400000,0x00000000be76bae8,0x00000000bed80000)
 Metaspace       used 11962K, capacity 12142K, committed 12416K, reserved 1060864K
  class space    used 1473K, capacity 1553K, committed 1664K, reserved 1048576K
}
Event: 28.324 GC heap before
{Heap before GC invocations=26 (full 13):
 PSYoungGen      total 307712K, used 296960K [0x00000000d5c00000, 0x00000000f0180000, 0x0000000100000000)
  eden space 296960K, 100% used [0x00000000d5c00000,0x00000000e7e00000,0x00000000e7e00000)
  from space 10752K, 0% used [0x00000000e7e00000,0x00000000e7e00000,0x00000000e8880000)
  to   space 10752K, 0% used [0x00000000ef700000,0x00000000ef700000,0x00000000f0180000)
 ParOldGen       total 1009152K, used 1002926K [0x0000000081400000, 0x00000000bed80000, 0x00000000d5c00000)
  object space 1009152K, 99% used [0x0000000081400000,0x00000000be76bae8,0x00000000bed80000)
 Metaspace       used 12357K, capacity 12598K, committed 12928K, reserved 1060864K
  class space    used 1477K, capacity 1553K, committed 1664K, reserved 1048576K
Event: 28.579 GC heap after
Heap after GC invocations=26 (full 13):
 PSYoungGen      total 307712K, used 78886K [0x00000000d5c00000, 0x00000000f0180000, 0x0000000100000000)
  eden space 296960K, 26% used [0x00000000d5c00000,0x00000000da909830,0x00000000e7e00000)
  from space 10752K, 0% used [0x00000000e7e00000,0x00000000e7e00000,0x00000000e8880000)
  to   space 10752K, 0% used [0x00000000ef700000,0x00000000ef700000,0x00000000f0180000)
 ParOldGen       total 1009152K, used 1002910K [0x0000000081400000, 0x00000000bed80000, 0x00000000d5c00000)
  object space 1009152K, 99% used [0x0000000081400000,0x00000000be767998,0x00000000bed80000)
 Metaspace       used 12357K, capacity 12598K, committed 12928K, reserved 1060864K
  class space    used 1477K, capacity 1553K, committed 1664K, reserved 1048576K
}

