# JRE version: Java(TM) SE Runtime Environment (8.0_151-b12) (build 1.8.0_151-b12)
# Java VM: Java HotSpot(TM) 64-Bit Server VM (25.151-b12 mixed mode windows-amd64 compressed oops)
Heap:
 PSYoungGen      total 81920K, used 47707K [0x00000000d5c00000, 0x00000000df080000, 0x0000000100000000)
  eden space 50688K, 94% used [0x00000000d5c00000,0x00000000d8a96c38,0x00000000d8d80000)
  from space 31232K, 0% used [0x00000000dd200000,0x00000000dd200000,0x00000000df080000)
  to   space 5120K, 0% used [0x00000000d8d80000,0x00000000d8d80000,0x00000000d9280000)
 ParOldGen       total 181248K, used 149957K [0x0000000081400000, 0x000000008c500000, 0x00000000d5c00000)
  object space 181248K, 82% used [0x0000000081400000,0x000000008a671760,0x000000008c500000)
 Metaspace       used 10313K, capacity 10532K, committed 10624K, reserved 1058816K
  class space    used 1279K, capacity 1352K, committed 1408K, reserved 1048576K
GC Heap History (10 events):
Event: 1.570 GC heap before
{Heap before GC invocations=5 (full 1):
 PSYoungGen      total 38400K, used 37319K [0x00000000d5c00000, 0x00000000d9780000, 0x0000000100000000)
  eden space 33280K, 100% used [0x00000000d5c00000,0x00000000d7c80000,0x00000000d7c80000)
  from space 5120K, 78% used [0x00000000d7c80000,0x00000000d8071f68,0x00000000d8180000)
  to   space 5120K, 0% used [0x00000000d9280000,0x00000000d9280000,0x00000000d9780000)
 ParOldGen       total 181248K, used 87485K [0x0000000081400000, 0x000000008c500000, 0x00000000d5c00000)
  object space 181248K, 48% used [0x0000000081400000,0x000000008696f480,0x000000008c500000)
 Metaspace       used 10304K, capacity 10468K, committed 10624K, reserved 1058816K
  class space    used 1279K, capacity 1352K, committed 1408K, reserved 1048576K
Event: 1.578 GC heap after
Heap after GC invocations=5 (full 1):
 PSYoungGen      total 55808K, used 4974K [0x00000000d5c00000, 0x00000000d9e00000, 0x0000000100000000)
  eden space 50688K, 0% used [0x00000000d5c00000,0x00000000d5c00000,0x00000000d8d80000)
  from space 5120K, 97% used [0x00000000d9280000,0x00000000d975bb30,0x00000000d9780000)
  to   space 5120K, 0% used [0x00000000d8d80000,0x00000000d8d80000,0x00000000d9280000)
 ParOldGen       total 181248K, used 114224K [0x0000000081400000, 0x000000008c500000, 0x00000000d5c00000)
  object space 181248K, 63% used [0x0000000081400000,0x000000008838c368,0x000000008c500000)
 Metaspace       used 10304K, capacity 10468K, committed 10624K, reserved 1058816K
  class space    used 1279K, capacity 1352K, committed 1408K, reserved 1048576K
}
Event: 1.721 GC heap before
{Heap before GC invocations=6 (full 1):
 PSYoungGen      total 55808K, used 54454K [0x00000000d5c00000, 0x00000000d9e00000, 0x0000000100000000)
  eden space 50688K, 97% used [0x00000000d5c00000,0x00000000d8c51ff0,0x00000000d8d80000)
  from space 5120K, 97% used [0x00000000d9280000,0x00000000d975bb30,0x00000000d9780000)
  to   space 5120K, 0% used [0x00000000d8d80000,0x00000000d8d80000,0x00000000d9280000)
 ParOldGen       total 181248K, used 114224K [0x0000000081400000, 0x000000008c500000, 0x00000000d5c00000)
  object space 181248K, 63% used [0x0000000081400000,0x000000008838c368,0x000000008c500000)
 Metaspace       used 10305K, capacity 10468K, committed 10624K, reserved 1058816K
  class space    used 1279K, capacity 1352K, committed 1408K, reserved 1048576K
Event: 1.730 GC heap after
Heap after GC invocations=6 (full 1):
 PSYoungGen      total 55808K, used 5103K [0x00000000d5c00000, 0x00000000df080000, 0x0000000100000000)
  eden space 50688K, 0% used [0x00000000d5c00000,0x00000000d5c00000,0x00000000d8d80000)
  from space 5120K, 99% used [0x00000000d8d80000,0x00000000d927bfb0,0x00000000d9280000)
  to   space 31232K, 0% used [0x00000000dd200000,0x00000000dd200000,0x00000000df080000)
 ParOldGen       total 181248K, used 148583K [0x0000000081400000, 0x000000008c500000, 0x00000000d5c00000)
  object space 181248K, 81% used [0x0000000081400000,0x000000008a519e58,0x000000008c500000)
 Metaspace       used 10305K, capacity 10468K, committed 10624K, reserved 1058816K
  class space    used 1279K, capacity 1352K, committed 1408K, reserved 1048576K
}
Event: 1.731 GC heap before
{Heap before GC invocations=7 (full 2):
 PSYoungGen      total 55808K, used 5103K [0x00000000d5c00000, 0x00000000df080000, 0x0000000100000000)
  eden space 50688K, 0% used [0x00000000d5c00000,0x00000000d5c00000,0x00000000d8d80000)
  from space 5120K, 99% used [0x00000000d8d80000,0x00000000d927bfb0,0x00000000d9280000)
  to   space 31232K, 0% used [0x00000000dd200000,0x00000000dd200000,0x00000000df080000)
 ParOldGen       total 181248K, used 148583K [0x0000000081400000, 0x000000008c500000, 0x00000000d5c00000)
  object space 181248K, 81% used [0x0000000081400000,0x000000008a519e58,0x000000008c500000)
 Metaspace       used 10305K, capacity 10468K, committed 10624K, reserved 1058816K
  class space    used 1279K, capacity 1352K, committed 1408K, reserved 1048576K
Event: 1.746 GC heap after
Heap after GC invocations=7 (full 2):
 PSYoungGen      total 55808K, used 0K [0x00000000d5c00000, 0x00000000df080000, 0x0000000100000000)
  eden space 50688K, 0% used [0x00000000d5c00000,0x00000000d5c00000,0x00000000d8d80000)
  from space 5120K, 0% used [0x00000000d8d80000,0x00000000d8d80000,0x00000000d9280000)
  to   space 31232K, 0% used [0x00000000dd200000,0x00000000dd200000,0x00000000df080000)
 ParOldGen       total 181248K, used 122798K [0x0000000081400000, 0x000000008c500000, 0x00000000d5c00000)
  object space 181248K, 67% used [0x0000000081400000,0x0000000088beba28,0x000000008c500000)
 Metaspace       used 10305K, capacity 10468K, committed 10624K, reserved 1058816K
  class space    used 1279K, capacity 1352K, committed 1408K, reserved 1048576K
}
Event: 1.873 GC heap before
{Heap before GC invocations=8 (full 2):
 PSYoungGen      total 55808K, used 50688K [0x00000000d5c00000, 0x00000000df080000, 0x0000000100000000)
  eden space 50688K, 100% used [0x00000000d5c00000,0x00000000d8d80000,0x00000000d8d80000)
  from space 5120K, 0% used [0x00000000d8d80000,0x00000000d8d80000,0x00000000d9280000)
  to   space 31232K, 0% used [0x00000000dd200000,0x00000000dd200000,0x00000000df080000)
 ParOldGen       total 181248K, used 122798K [0x0000000081400000, 0x000000008c500000, 0x00000000d5c00000)
  object space 181248K, 67% used [0x0000000081400000,0x0000000088beba28,0x000000008c500000)
 Metaspace       used 10305K, capacity 10468K, committed 10624K, reserved 1058816K
  class space    used 1279K, capacity 1352K, committed 1408K, reserved 1048576K
Event: 1.884 GC heap after
Heap after GC invocations=8 (full 2):
 PSYoungGen      total 81920K, used 30864K [0x00000000d5c00000, 0x00000000df080000, 0x0000000100000000)
  eden space 50688K, 0% used [0x00000000d5c00000,0x00000000d5c00000,0x00000000d8d80000)
  from space 31232K, 98% used [0x00000000dd200000,0x00000000df024310,0x00000000df080000)
  to   space 5120K, 0% used [0x00000000d8d80000,0x00000000d8d80000,0x00000000d9280000)
 ParOldGen       total 181248K, used 144755K [0x0000000081400000, 0x000000008c500000, 0x00000000d5c00000)
  object space 181248K, 79% used [0x0000000081400000,0x000000008a15cc20,0x000000008c500000)
 Metaspace       used 10305K, capacity 10468K, committed 10624K, reserved 1058816K
  class space    used 1279K, capacity 1352K, committed 1408K, reserved 1048576K
}
Event: 1.884 GC heap before
{Heap before GC invocations=9 (full 3):
 PSYoungGen      total 81920K, used 30864K [0x00000000d5c00000, 0x00000000df080000, 0x0000000100000000)
  eden space 50688K, 0% used [0x00000000d5c00000,0x00000000d5c00000,0x00000000d8d80000)
  from space 31232K, 98% used [0x00000000dd200000,0x00000000df024310,0x00000000df080000)
  to   space 5120K, 0% used [0x00000000d8d80000,0x00000000d8d80000,0x00000000d9280000)
 ParOldGen       total 181248K, used 144755K [0x0000000081400000, 0x000000008c500000, 0x00000000d5c00000)
  object space 181248K, 79% used [0x0000000081400000,0x000000008a15cc20,0x000000008c500000)
 Metaspace       used 10305K, capacity 10468K, committed 10624K, reserved 1058816K
  class space    used 1279K, capacity 1352K, committed 1408K, reserved 1048576K
Event: 1.919 GC heap after
Heap after GC invocations=9 (full 3):
 PSYoungGen      total 81920K, used 0K [0x00000000d5c00000, 0x00000000df080000, 0x0000000100000000)
  eden space 50688K, 0% used [0x00000000d5c00000,0x00000000d5c00000,0x00000000d8d80000)
  from space 31232K, 0% used [0x00000000dd200000,0x00000000dd200000,0x00000000df080000)
  to   space 5120K, 0% used [0x00000000d8d80000,0x00000000d8d80000,0x00000000d9280000)
 ParOldGen       total 181248K, used 149957K [0x0000000081400000, 0x000000008c500000, 0x00000000d5c00000)
  object space 181248K, 82% used [0x0000000081400000,0x000000008a671760,0x000000008c500000)
 Metaspace       used 10305K, capacity 10468K, committed 10624K, reserved 1058816K
  class space    used 1279K, capacity 1352K, committed 1408K, reserved 1048576K
}

