# JRE version: Java(TM) SE Runtime Environment (8.0_151-b12) (build 1.8.0_151-b12)
# Java VM: Java HotSpot(TM) 64-Bit Server VM (25.151-b12 mixed mode windows-amd64 compressed oops)
Heap:
 PSYoungGen      total 378880K, used 140761K [0x00000000d5c00000, 0x00000000f6400000, 0x0000000100000000)
  eden space 368128K, 38% used [0x00000000d5c00000,0x00000000de576640,0x00000000ec380000)
  from space 10752K, 0% used [0x00000000ec380000,0x00000000ec380000,0x00000000ece00000)
  to   space 10752K, 0% used [0x00000000f5980000,0x00000000f5980000,0x00000000f6400000)
 ParOldGen       total 1384448K, used 1038023K [0x0000000081400000, 0x00000000d5c00000, 0x00000000d5c00000)
  object space 1384448K, 74% used [0x0000000081400000,0x00000000c09b1c78,0x00000000d5c00000)
 Metaspace       used 12162K, capacity 12346K, committed 12672K, reserved 1060864K
  class space    used 1472K, capacity 1553K, committed 1664K, reserved 1048576K
GC Heap History (10 events):
Event: 9.829 GC heap before
{Heap before GC invocations=23 (full 10):
 PSYoungGen      total 276992K, used 7152K [0x00000000d5c00000, 0x00000000ed880000, 0x0000000100000000)
  eden space 266240K, 0% used [0x00000000d5c00000,0x00000000d5c00000,0x00000000e6000000)
  from space 10752K, 66% used [0x00000000e6000000,0x00000000e66fc3f0,0x00000000e6a80000)
  to   space 10752K, 0% used [0x00000000ece00000,0x00000000ece00000,0x00000000ed880000)
 ParOldGen       total 967168K, used 820692K [0x0000000081400000, 0x00000000bc480000, 0x00000000d5c00000)
  object space 967168K, 84% used [0x0000000081400000,0x00000000b3575008,0x00000000bc480000)
 Metaspace       used 11301K, capacity 11474K, committed 11520K, reserved 1058816K
  class space    used 1447K, capacity 1521K, committed 1536K, reserved 1048576K
Event: 9.852 GC heap after
Heap after GC invocations=23 (full 10):
 PSYoungGen      total 276992K, used 0K [0x00000000d5c00000, 0x00000000ed880000, 0x0000000100000000)
  eden space 266240K, 0% used [0x00000000d5c00000,0x00000000d5c00000,0x00000000e6000000)
  from space 10752K, 0% used [0x00000000e6000000,0x00000000e6000000,0x00000000e6a80000)
  to   space 10752K, 0% used [0x00000000ece00000,0x00000000ece00000,0x00000000ed880000)
 ParOldGen       total 1147392K, used 732658K [0x0000000081400000, 0x00000000c7480000, 0x00000000d5c00000)
  object space 1147392K, 63% used [0x0000000081400000,0x00000000adf7c860,0x00000000c7480000)
 Metaspace       used 11301K, capacity 11474K, committed 11520K, reserved 1058816K
  class space    used 1447K, capacity 1521K, committed 1536K, reserved 1048576K
}
Event: 10.419 GC heap before
{Heap before GC invocations=24 (full 10):
 PSYoungGen      total 276992K, used 265318K [0x00000000d5c00000, 0x00000000ed880000, 0x0000000100000000)
  eden space 266240K, 99% used [0x00000000d5c00000,0x00000000e5f199a0,0x00000000e6000000)
  from space 10752K, 0% used [0x00000000e6000000,0x00000000e6000000,0x00000000e6a80000)
  to   space 10752K, 0% used [0x00000000ece00000,0x00000000ece00000,0x00000000ed880000)
 ParOldGen       total 1147392K, used 732658K [0x0000000081400000, 0x00000000c7480000, 0x00000000d5c00000)
  object space 1147392K, 63% used [0x0000000081400000,0x00000000adf7c860,0x00000000c7480000)
 Metaspace       used 11315K, capacity 11538K, committed 11776K, reserved 1058816K
  class space    used 1447K, capacity 1521K, committed 1536K, reserved 1048576K
Event: 10.461 GC heap after
Heap after GC invocations=24 (full 10):
 PSYoungGen      total 378880K, used 7191K [0x00000000d5c00000, 0x00000000eda00000, 0x0000000100000000)
  eden space 368128K, 0% used [0x00000000d5c00000,0x00000000d5c00000,0x00000000ec380000)
  from space 10752K, 66% used [0x00000000ece00000,0x00000000ed505c10,0x00000000ed880000)
  to   space 10752K, 0% used [0x00000000ec380000,0x00000000ec380000,0x00000000ece00000)
 ParOldGen       total 1147392K, used 922659K [0x0000000081400000, 0x00000000c7480000, 0x00000000d5c00000)
  object space 1147392K, 80% used [0x0000000081400000,0x00000000b9908c60,0x00000000c7480000)
 Metaspace       used 11315K, capacity 11538K, committed 11776K, reserved 1058816K
  class space    used 1447K, capacity 1521K, committed 1536K, reserved 1048576K
}
Event: 10.461 GC heap before
{Heap before GC invocations=25 (full 11):
 PSYoungGen      total 378880K, used 7191K [0x00000000d5c00000, 0x00000000eda00000, 0x0000000100000000)
  eden space 368128K, 0% used [0x00000000d5c00000,0x00000000d5c00000,0x00000000ec380000)
  from space 10752K, 66% used [0x00000000ece00000,0x00000000ed505c10,0x00000000ed880000)
  to   space 10752K, 0% used [0x00000000ec380000,0x00000000ec380000,0x00000000ece00000)
 ParOldGen       total 1147392K, used 922659K [0x0000000081400000, 0x00000000c7480000, 0x00000000d5c00000)
  object space 1147392K, 80% used [0x0000000081400000,0x00000000b9908c60,0x00000000c7480000)
 Metaspace       used 11315K, capacity 11538K, committed 11776K, reserved 1058816K
  class space    used 1447K, capacity 1521K, committed 1536K, reserved 1048576K
Event: 10.480 GC heap after
Heap after GC invocations=25 (full 11):
 PSYoungGen      total 378880K, used 0K [0x00000000d5c00000, 0x00000000eda00000, 0x0000000100000000)
  eden space 368128K, 0% used [0x00000000d5c00000,0x00000000d5c00000,0x00000000ec380000)
  from space 10752K, 0% used [0x00000000ece00000,0x00000000ece00000,0x00000000ed880000)
  to   space 10752K, 0% used [0x00000000ec380000,0x00000000ec380000,0x00000000ece00000)
 ParOldGen       total 1309696K, used 861587K [0x0000000081400000, 0x00000000d1300000, 0x00000000d5c00000)
  object space 1309696K, 65% used [0x0000000081400000,0x00000000b5d64fe0,0x00000000d1300000)
 Metaspace       used 11315K, capacity 11538K, committed 11776K, reserved 1058816K
  class space    used 1447K, capacity 1521K, committed 1536K, reserved 1048576K
}
Event: 11.327 GC heap before
{Heap before GC invocations=26 (full 11):
 PSYoungGen      total 378880K, used 361444K [0x00000000d5c00000, 0x00000000eda00000, 0x0000000100000000)
  eden space 368128K, 98% used [0x00000000d5c00000,0x00000000ebcf91d8,0x00000000ec380000)
  from space 10752K, 0% used [0x00000000ece00000,0x00000000ece00000,0x00000000ed880000)
  to   space 10752K, 0% used [0x00000000ec380000,0x00000000ec380000,0x00000000ece00000)
 ParOldGen       total 1309696K, used 861587K [0x0000000081400000, 0x00000000d1300000, 0x00000000d5c00000)
  object space 1309696K, 65% used [0x0000000081400000,0x00000000b5d64fe0,0x00000000d1300000)
 Metaspace       used 11329K, capacity 11538K, committed 11776K, reserved 1058816K
  class space    used 1447K, capacity 1521K, committed 1536K, reserved 1048576K
Event: 11.376 GC heap after
Heap after GC invocations=26 (full 11):
 PSYoungGen      total 378880K, used 7100K [0x00000000d5c00000, 0x00000000f6400000, 0x0000000100000000)
  eden space 368128K, 0% used [0x00000000d5c00000,0x00000000d5c00000,0x00000000ec380000)
  from space 10752K, 66% used [0x00000000ec380000,0x00000000eca6f208,0x00000000ece00000)
  to   space 10752K, 0% used [0x00000000f5980000,0x00000000f5980000,0x00000000f6400000)
 ParOldGen       total 1309696K, used 1078683K [0x0000000081400000, 0x00000000d1300000, 0x00000000d5c00000)
  object space 1309696K, 82% used [0x0000000081400000,0x00000000c3166e30,0x00000000d1300000)
 Metaspace       used 11329K, capacity 11538K, committed 11776K, reserved 1058816K
  class space    used 1447K, capacity 1521K, committed 1536K, reserved 1048576K
}
Event: 11.376 GC heap before
{Heap before GC invocations=27 (full 12):
 PSYoungGen      total 378880K, used 7100K [0x00000000d5c00000, 0x00000000f6400000, 0x0000000100000000)
  eden space 368128K, 0% used [0x00000000d5c00000,0x00000000d5c00000,0x00000000ec380000)
  from space 10752K, 66% used [0x00000000ec380000,0x00000000eca6f208,0x00000000ece00000)
  to   space 10752K, 0% used [0x00000000f5980000,0x00000000f5980000,0x00000000f6400000)
 ParOldGen       total 1309696K, used 1078683K [0x0000000081400000, 0x00000000d1300000, 0x00000000d5c00000)
  object space 1309696K, 82% used [0x0000000081400000,0x00000000c3166e30,0x00000000d1300000)
 Metaspace       used 11329K, capacity 11538K, committed 11776K, reserved 1058816K
  class space    used 1447K, capacity 1521K, committed 1536K, reserved 1048576K
Event: 11.391 GC heap after
Heap after GC invocations=27 (full 12):
 PSYoungGen      total 378880K, used 0K [0x00000000d5c00000, 0x00000000f6400000, 0x0000000100000000)
  eden space 368128K, 0% used [0x00000000d5c00000,0x00000000d5c00000,0x00000000ec380000)
  from space 10752K, 0% used [0x00000000ec380000,0x00000000ec380000,0x00000000ece00000)
  to   space 10752K, 0% used [0x00000000f5980000,0x00000000f5980000,0x00000000f6400000)
 ParOldGen       total 1384448K, used 1038023K [0x0000000081400000, 0x00000000d5c00000, 0x00000000d5c00000)
  object space 1384448K, 74% used [0x0000000081400000,0x00000000c09b1c78,0x00000000d5c00000)
 Metaspace       used 11329K, capacity 11538K, committed 11776K, reserved 1058816K
  class space    used 1447K, capacity 1521K, committed 1536K, reserved 1048576K
}

